[TOJI_FO0](65f2b000116cafd121a28725) tipped [SimulatedMummified](663af80deea4d3a9cf0b063f) 10 gold at 16/05/2024, 10:06:22
[Fofaa_A](64e037af408c12a9f32caf6d) tipped [ID__00](65b19232e52de601fff2eaa0) 10 gold at 16/05/2024, 16:07:56
[Fofaa_A](64e037af408c12a9f32caf6d) tipped [ID__00](65b19232e52de601fff2eaa0) 10 gold at 16/05/2024, 16:07:56
[Fofaa_A](64e037af408c12a9f32caf6d) tipped [Reem_1508](64d10560f98823212b0fff76) 50 gold at 16/05/2024, 16:07:56
[Fofaa_A](64e037af408c12a9f32caf6d) tipped [ISTP_14](644bc22a03f4cbf147ae12e5) 50 gold at 16/05/2024, 17:21:02
[Fofaa_A](64e037af408c12a9f32caf6d) tipped [ISTP_14](644bc22a03f4cbf147ae12e5) 10 gold at 16/05/2024, 17:21:02
[Fofaa_A](64e037af408c12a9f32caf6d) tipped [ISTP_14](644bc22a03f4cbf147ae12e5) 10 gold at 16/05/2024, 17:21:02
[ID__00](65b19232e52de601fff2eaa0) tipped [Fofaa_A](64e037af408c12a9f32caf6d) 10 gold at 16/05/2024, 17:21:02
[ID__00](65b19232e52de601fff2eaa0) tipped [Fofaa_A](64e037af408c12a9f32caf6d) 10 gold at 16/05/2024, 17:21:02
[Fofaa_A](64e037af408c12a9f32caf6d) tipped [ISTP_14](644bc22a03f4cbf147ae12e5) 10 gold at 16/05/2024, 17:32:45
[Fofaa_A](64e037af408c12a9f32caf6d) tipped [ISTP_14](644bc22a03f4cbf147ae12e5) 10 gold at 16/05/2024, 17:32:45
[Fofaa_A](64e037af408c12a9f32caf6d) tipped [ISTP_14](644bc22a03f4cbf147ae12e5) 10 gold at 16/05/2024, 17:32:45
[Reem_1508](64d10560f98823212b0fff76) tipped [_t9c](6552ad89202eb4bbba193a66) 10 gold at 16/05/2024, 17:32:45
[Reem_1508](64d10560f98823212b0fff76) tipped [Y_o_u_ss_e_f](6623d8fe287f7e688baee5dd) 10 gold at 16/05/2024, 17:32:45
[Fofaa_A](64e037af408c12a9f32caf6d) tipped [999_999_9](663f4d49c976422d68824944) 1 gold at 16/05/2024, 18:01:12
[Y_o_u_ss_e_f](6623d8fe287f7e688baee5dd) tipped [MAREM_1232](663ce76f2ba1d06bb00079ab) 5 gold at 16/05/2024, 18:01:12
[itedhinf](64e660152fb8741def41e3e7) tipped [__N_o_o_r__](6239a6775d35ac0c7791d618) 1 gold at 16/05/2024, 18:01:12
[Y_o_u_ss_e_f](6623d8fe287f7e688baee5dd) tipped [itedhinf](64e660152fb8741def41e3e7) 5 gold at 16/05/2024, 18:01:12
[ISTP_14](644bc22a03f4cbf147ae12e5) tipped [Iove__yo](653971edab8a57da57872f72) 10 gold at 16/05/2024, 19:51:56
[youssef1230](625f47804c3b246c8887328f) tipped [__KING_0_](65f99cfe7b70388e12fc4c7b) 1 gold at 17/05/2024, 07:03:47
[T0ll](65f947c53cde0bcbd646bf5e) tipped [Fofaa_A](64e037af408c12a9f32caf6d) 50 gold at 17/05/2024, 16:53:25
[K_j_B_1](65a6b5f5fa565bb057e8952b) tipped [DARK20MARO](62bf75ae529c2aee14384c37) 5 gold at 18/05/2024, 09:47:46
[Raid_alg](63235d6258bd77fc0139945c) tipped [Mimi_LoLo_123](64f091b43098cfefd192d9ea) 50 gold at 18/05/2024, 09:47:46
[yujin778](657eaa30be79a7b3f9cb4493) tipped [M_i_Z_O_4](65b092a5adc1303c8238975c) 1 gold at 18/05/2024, 09:47:46
[Y_o_u_ss_e_f](6623d8fe287f7e688baee5dd) tipped [RONY.28](5fbe8e771e7d96fe24b1de5c) 1 gold at 18/05/2024, 18:26:27
[Y_o_u_ss_e_f](6623d8fe287f7e688baee5dd) tipped [Iove__yo](653971edab8a57da57872f72) 1 gold at 20/05/2024, 16:58:58
[nimdagirl](62af90e49e3601954d8797fd) tipped [Iove__yo](653971edab8a57da57872f72) 10 gold at 20/05/2024, 16:58:58
[Reem_1508](64d10560f98823212b0fff76) tipped [MicronClashing](6643e4c0029623a79e0856b4) 5 gold at 21/05/2024, 10:56:10
[T0ll](65f947c53cde0bcbd646bf5e) tipped [MicronClashing](6643e4c0029623a79e0856b4) 5 gold at 21/05/2024, 10:56:10
[M_E_D_O._._](65512a0e0061c6251d551dad) tipped [abdo._](660e17b056cd7c4fa8a6f447) 10 gold at 21/05/2024, 11:05:36
[M_E_D_O._._](65512a0e0061c6251d551dad) tipped [abdo._](660e17b056cd7c4fa8a6f447) 10 gold at 21/05/2024, 11:05:36
[Alphyyna](5a1362cd24a4e7c28bd49246) tipped [ISTP_14](644bc22a03f4cbf147ae12e5) 50 gold at 21/05/2024, 16:13:53
[Alphyyna](5a1362cd24a4e7c28bd49246) tipped [lala_1214](664ccb690c87d41280c1fdc8) 50 gold at 21/05/2024, 17:29:35
[Alphyyna](5a1362cd24a4e7c28bd49246) tipped [AR7M](64f8def189080d3602814f40) 50 gold at 21/05/2024, 17:29:35
[AR7M](64f8def189080d3602814f40) tipped [Alphyyna](5a1362cd24a4e7c28bd49246) 50 gold at 21/05/2024, 17:29:35
[Y_o_u_ss_e_f](6623d8fe287f7e688baee5dd) tipped [DARK20MARO](62bf75ae529c2aee14384c37) 1 gold at 22/05/2024, 15:11:10
[M_E_D_O._._](65512a0e0061c6251d551dad) tipped [DARK20MARO](62bf75ae529c2aee14384c37) 10 gold at 22/05/2024, 15:11:10
[krkr66081](644e7526bd23aa893aaf70a2) tipped [Unknown_3S](63e22309946a4d2af44c2c95) 10 gold at 22/05/2024, 16:08:42
[Y_o_u_ss_e_f](6623d8fe287f7e688baee5dd) tipped [loop_4](664cf2e6ff7b1da04f88cf45) 5 gold at 23/05/2024, 14:08:51
[K_10L](62fbed8a8c6a2ad3a12f203d) tipped [H_E_R_O_](6605d56ca4dc6f4733a51f84) 50 gold at 23/05/2024, 14:08:51
[Y_o_u_ss_e_f](6623d8fe287f7e688baee5dd) tipped [koko_youssef](664f514e23642964528b931b) 5 gold at 23/05/2024, 19:46:23
[X_.DARK._X](6627d2f74daef9db48974582) tipped [Lana.75](65774799e811c1aab0a5cf18) 5 gold at 23/05/2024, 19:46:23
[X_.DARK._X](6627d2f74daef9db48974582) tipped [XX_KH_XX](6359cad7e04768d63e0e157a) 10 gold at 23/05/2024, 19:46:23
[X_.DARK._X](6627d2f74daef9db48974582) tipped [Lana.75](65774799e811c1aab0a5cf18) 10 gold at 23/05/2024, 19:46:23
[X_.DARK._X](6627d2f74daef9db48974582) tipped [L_oL_](647fa09b20cb701591edbcbd) 10 gold at 23/05/2024, 19:46:23
[L_oL_](647fa09b20cb701591edbcbd) tipped [X_.DARK._X](6627d2f74daef9db48974582) 10 gold at 23/05/2024, 19:46:23
[XX_KH_XX](6359cad7e04768d63e0e157a) tipped [X_.DARK._X](6627d2f74daef9db48974582) 10 gold at 23/05/2024, 19:46:23
[Lana.75](65774799e811c1aab0a5cf18) tipped [X_.DARK._X](6627d2f74daef9db48974582) 10 gold at 23/05/2024, 19:46:23
[Alphyyna](5a1362cd24a4e7c28bd49246) tipped [AnhydrideRad](66323e88568fb8dddb841412) 1 gold at 24/05/2024, 12:03:30
[Iove__yo](653971edab8a57da57872f72) tipped [ISTP_14](644bc22a03f4cbf147ae12e5) 10 gold at 24/05/2024, 12:03:30
[ISTP_14](644bc22a03f4cbf147ae12e5) tipped [Alphyyna](5a1362cd24a4e7c28bd49246) 10 gold at 24/05/2024, 12:03:30
[Alphyyna](5a1362cd24a4e7c28bd49246) tipped [ISTP_14](644bc22a03f4cbf147ae12e5) 50 gold at 24/05/2024, 12:03:30
[drar._1](6480b787601475563fdd1715) tipped [Rawan_04](665c46d79c8fc44c24e1fffb) 5 gold at 07/06/2024, 21:35:18
[The_lonely](62710306b36f1063d9c1ae07) tipped [_Lobna_](6007137cf9b40367353fed10) 10 gold at 07/06/2024, 21:35:18
